1.6.2026 22:13:40 [Notification] Client logger started.
1.6.2026 22:13:40 [Notification] Game Version: v1.22.3 (Stable)
1.6.2026 22:13:40 [Notification] Process path: %appdata%\Vintagestory\Vintagestory.exe
1.6.2026 22:13:40 [Notification] Operating System: Windows 10.0.26200.0
1.6.2026 22:13:40 [Notification] CPU Cores: 12
1.6.2026 22:13:40 [Notification] CPU: AMD Ryzen 5 5600X 6-Core Processor             
1.6.2026 22:13:40 [Notification] Available RAM: 32655 MB
1.6.2026 22:13:41 [Notification] OpenAL Initialized. Available Mono/Stereo Sources: 255/1
1.6.2026 22:13:41 [Notification] Graphics Card Vendor: NVIDIA Corporation
1.6.2026 22:13:41 [Notification] Graphics Card Version: 4.3.0 NVIDIA 581.57
1.6.2026 22:13:41 [Notification] Graphics Card Renderer: NVIDIA GeForce RTX 3060 Ti/PCIe/SSE2
1.6.2026 22:13:41 [Notification] Graphics Card ShadingLanguageVersion: 4.30 NVIDIA via Cg compiler
1.6.2026 22:13:41 [Notification] GL.MaxVertexUniformComponents: 4096
1.6.2026 22:13:41 [Notification] GL.MaxUniformBlockSize: 65536
1.6.2026 22:13:41 [Notification] C# Framework: .net 10.0.8
1.6.2026 22:13:41 [Notification] Cairo Graphics Version: 1.17.3
1.6.2026 22:13:41 [Notification] OpenAL Version: 1.1 ALSOFT 1.23.0
1.6.2026 22:13:41 [Notification] Zstd Version: 1.5.7
1.6.2026 22:13:41 [Notification] Start discovering assets
1.6.2026 22:13:41 [Notification] Found 34 base assets in category lang
1.6.2026 22:13:41 [Notification] Found 0 base assets in category patches
1.6.2026 22:13:41 [Notification] Found 24 base assets in category config
1.6.2026 22:13:41 [Notification] Found 0 base assets in category worldproperties
1.6.2026 22:13:41 [Notification] Found 49 base assets in category sounds
1.6.2026 22:13:41 [Notification] Found 230 base assets in category shapes
1.6.2026 22:13:41 [Notification] Found 84 base assets in category shaders
1.6.2026 22:13:41 [Notification] Found 19 base assets in category shaderincludes
1.6.2026 22:13:41 [Notification] Found 182 base assets in category textures
1.6.2026 22:13:41 [Notification] Found 4 base assets in category music
1.6.2026 22:13:41 [Notification] Found 0 base assets in category dialog
1.6.2026 22:13:41 [Notification] Found 626 base assets in total
1.6.2026 22:13:41 [Notification] Loading sounds
1.6.2026 22:13:41 [Notification] (Re-)loaded frame buffers
1.6.2026 22:13:41 [Notification] Loaded Shaderprogramm for render pass .
1.6.2026 22:13:41 [Notification] Sounds loaded
1.6.2026 22:13:41 [Notification] Waiting for async sound loading...
1.6.2026 22:13:41 [Notification] Begin loading shaders
1.6.2026 22:13:41 [Notification] Load shaders now
1.6.2026 22:13:41 [Notification] Loading shaders...
1.6.2026 22:13:41 [Notification] Loaded Shaderprogramm for render pass standard.
1.6.2026 22:13:41 [Notification] Loaded Shaderprogramm for render pass particlescube.
1.6.2026 22:13:41 [Notification] Loaded Shaderprogramm for render pass particlesquad.
1.6.2026 22:13:41 [Notification] Loaded Shaderprogramm for render pass sky.
1.6.2026 22:13:41 [Notification] Loaded Shaderprogramm for render pass nightsky.
1.6.2026 22:13:41 [Notification] Loaded Shaderprogramm for render pass woittest.
1.6.2026 22:13:41 [Notification] Loaded Shaderprogramm for render pass transparentcompose.
1.6.2026 22:13:41 [Notification] Loaded Shaderprogramm for render pass debugdepthbuffer.
1.6.2026 22:13:41 [Notification] Loaded Shaderprogramm for render pass helditem.
1.6.2026 22:13:41 [Notification] Loaded Shaderprogramm for render pass chunkopaque.
1.6.2026 22:13:41 [Notification] Loaded Shaderprogramm for render pass chunkliquid.
1.6.2026 22:13:41 [Notification] Loaded Shaderprogramm for render pass decals.
1.6.2026 22:13:41 [Notification] Loaded Shaderprogramm for render pass final.
1.6.2026 22:13:41 [Notification] Loaded Shaderprogramm for render pass gui.
1.6.2026 22:13:41 [Notification] Loaded Shaderprogramm for render pass blur.
1.6.2026 22:13:41 [Notification] Loaded Shaderprogramm for render pass chunktransparent.
1.6.2026 22:13:41 [Notification] Loaded Shaderprogramm for render pass findbright.
1.6.2026 22:13:41 [Notification] Loaded Shaderprogramm for render pass chunktopsoil.
1.6.2026 22:13:41 [Notification] Loaded Shaderprogramm for render pass godrays.
1.6.2026 22:13:41 [Notification] Loaded Shaderprogramm for render pass autocamera.
1.6.2026 22:13:41 [Notification] Loaded Shaderprogramm for render pass blockhighlights.
1.6.2026 22:13:41 [Notification] Loaded Shaderprogramm for render pass wireframe.
1.6.2026 22:13:41 [Notification] Loaded Shaderprogramm for render pass entityanimated.
1.6.2026 22:13:41 [Notification] Loaded Shaderprogramm for render pass luma.
1.6.2026 22:13:41 [Notification] Loaded Shaderprogramm for render pass blit.
1.6.2026 22:13:41 [Notification] Loaded Shaderprogramm for render pass particlesquad2d.
1.6.2026 22:13:41 [Notification] Loaded Shaderprogramm for render pass shadowmapentityanimated.
1.6.2026 22:13:41 [Notification] Loaded Shaderprogramm for render pass chunkshadowmap.
1.6.2026 22:13:41 [Notification] Loaded Shaderprogramm for render pass texture2texture.
1.6.2026 22:13:41 [Notification] Loaded Shaderprogramm for render pass celestialobject.
1.6.2026 22:13:41 [Notification] Loaded Shaderprogramm for render pass guitopsoil.
1.6.2026 22:13:41 [Notification] Loaded Shaderprogramm for render pass colorgrade.
1.6.2026 22:13:41 [Notification] Loaded Shaderprogramm for render pass guigear.
1.6.2026 22:13:41 [Notification] Loaded Shaderprogramm for render pass ssao.
1.6.2026 22:13:41 [Notification] Loaded Shaderprogramm for render pass bilateralblur.
1.6.2026 22:13:41 [Notification] Loaded Shaderprogramm for render pass chunkliquiddepth.
1.6.2026 22:13:41 [Notification] Loaded Shaderprogramm for render pass aurora.
1.6.2026 22:13:41 [Notification] Loaded Shaderprogramm for render pass cloudmap.
1.6.2026 22:13:41 [Notification] Loaded Shaderprogramm for render pass cloudvolumetric.
1.6.2026 22:13:41 [Notification] Loaded Shaderprogramm for render pass instanced.
1.6.2026 22:13:41 [Notification] Loaded Shaderprogramm for render pass lines.
1.6.2026 22:13:41 [Notification] Loaded Shaderprogramm for render pass entityanimated.
1.6.2026 22:13:41 [Notification] Cached session key is valid, validating with server
1.6.2026 22:13:42 [Notification] Server validation response: Good
1.6.2026 22:13:42 [Notification] Will search the following paths for mods:
1.6.2026 22:13:42 [Notification]     %appdata%\Vintagestory\Mods
1.6.2026 22:13:42 [Notification]     %appdata%\VintagestoryData\Mods
1.6.2026 22:13:47 [Notification] Initialized GUI Manager
1.6.2026 22:13:47 [Notification] Initialized Server Connection
1.6.2026 22:13:47 [Notification] Server args parsed
1.6.2026 22:13:47 [Notification] Server main instantiated
1.6.2026 22:14:07 [Error] Exception: Object reference not set to an instance of an object.
   at Vintagestory.GameContent.BlockMicroBlock.OnLoaded(ICoreAPI api) in VSSurvivalMod\Systems\Microblock\BlockMicroBlock.cs:line 90
   at Vintagestory.GameContent.BlockChisel.OnLoaded(ICoreAPI api) in VSSurvivalMod\Systems\Microblock\BlockChisel.cs:line 22
   at Vintagestory.Server.ServerSystemBlockSimulation.OnBeginModsAndConfigReady() in VintagestoryLib\Server\Systems\World\BlockSimulation.cs:line 312
   at Vintagestory.Server.ServerMain.EnterRunPhase(EnumServerRunPhase runPhase) in VintagestoryLib\Server\ServerMain.cs:line 676
   at Vintagestory.Server.ServerMain.Launch() in VintagestoryLib\Server\ServerMain.cs:line 594
   at Vintagestory.Client.ClientProgram.ServerThreadStart() in VintagestoryLib\Client\ClientProgram.cs:line 487
1.6.2026 22:15:45 [Notification] Window was resized to 0 0? Window probably got minimized. Will not rebuild frame buffers
1.6.2026 22:16:12 [Notification] Window was resized to 0 0? Window probably got minimized. Will not rebuild frame buffers
1.6.2026 22:17:10 [Notification] Destroying game session, waiting up to 200ms for client threads to exit
1.6.2026 22:17:16 [Notification] Exiting game now. Server running=False. Exit reason: Main screen quit button was pressed
